0 info it worked if it ends with ok
1 verbose cli [ '/usr/bin/nodejs', '/usr/bin/npm', 'install' ]
2 info using npm@1.4.21
3 info using node@v0.10.25
4 verbose readDependencies using package.json deps
5 verbose install where, deps [ '/home/naftali/test/ui',
5 verbose install   [ 'babel-loader',
5 verbose install     'browser-sync',
5 verbose install     'browser-sync-spa',
5 verbose install     'chalk',
5 verbose install     'concat-stream',
5 verbose install     'del',
5 verbose install     'gulp',
5 verbose install     'gulp-angular-templatecache',
5 verbose install     'gulp-autoprefixer',
5 verbose install     'gulp-csso',
5 verbose install     'gulp-filter',
5 verbose install     'gulp-flatten',
5 verbose install     'gulp-inject',
5 verbose install     'gulp-jshint',
5 verbose install     'gulp-load-plugins',
5 verbose install     'gulp-minify-html',
5 verbose install     'gulp-ng-annotate',
5 verbose install     'gulp-protractor',
5 verbose install     'gulp-rename',
5 verbose install     'gulp-replace',
5 verbose install     'gulp-rev',
5 verbose install     'gulp-rev-replace',
5 verbose install     'gulp-sass',
5 verbose install     'gulp-size',
5 verbose install     'gulp-sourcemaps',
5 verbose install     'gulp-stubby-server',
5 verbose install     'gulp-uglify',
5 verbose install     'gulp-useref',
5 verbose install     'gulp-util',
5 verbose install     'gulp-webpack',
5 verbose install     'http-proxy',
5 verbose install     'jshint-loader',
5 verbose install     'jshint-stylish',
5 verbose install     'karma',
5 verbose install     'karma-jasmine',
5 verbose install     'karma-ng-html2js-preprocessor',
5 verbose install     'karma-phantomjs-launcher',
5 verbose install     'lodash',
5 verbose install     'main-bower-files',
5 verbose install     'merge',
5 verbose install     'merge-stream',
5 verbose install     'protractor',
5 verbose install     'require-dir',
5 verbose install     'uglify-save-license',
5 verbose install     'wiredep',
5 verbose install     'wrench' ] ]
6 info preinstall ui@0.0.0
7 verbose readDependencies using package.json deps
8 verbose already installed skipping browser-sync-spa@1.0.2 /home/naftali/test/ui
9 verbose already installed skipping babel-loader@4.0.0 /home/naftali/test/ui
10 verbose already installed skipping browser-sync@2.1.4 /home/naftali/test/ui
11 verbose already installed skipping chalk@0.5.1 /home/naftali/test/ui
12 verbose already installed skipping concat-stream@1.4.7 /home/naftali/test/ui
13 verbose already installed skipping del@1.1.1 /home/naftali/test/ui
14 verbose already installed skipping gulp@3.8.10 /home/naftali/test/ui
15 verbose already installed skipping gulp-angular-templatecache@1.5.0 /home/naftali/test/ui
16 verbose already installed skipping gulp-autoprefixer@2.1.0 /home/naftali/test/ui
17 verbose already installed skipping gulp-csso@1.0.0 /home/naftali/test/ui
18 verbose already installed skipping gulp-filter@2.0.2 /home/naftali/test/ui
19 verbose already installed skipping gulp-flatten@0.0.4 /home/naftali/test/ui
20 verbose already installed skipping gulp-inject@1.1.1 /home/naftali/test/ui
21 verbose already installed skipping gulp-jshint@1.9.0 /home/naftali/test/ui
22 verbose already installed skipping gulp-load-plugins@0.8.0 /home/naftali/test/ui
23 verbose already installed skipping gulp-minify-html@0.1.7 /home/naftali/test/ui
24 verbose already installed skipping gulp-ng-annotate@0.5.2 /home/naftali/test/ui
25 verbose already installed skipping gulp-protractor@^1.0.0 /home/naftali/test/ui
26 verbose already installed skipping gulp-rename@1.2.0 /home/naftali/test/ui
27 verbose already installed skipping gulp-replace@0.5.0 /home/naftali/test/ui
28 verbose already installed skipping gulp-rev@3.0.1 /home/naftali/test/ui
29 verbose already installed skipping gulp-rev-replace@0.3.1 /home/naftali/test/ui
30 verbose already installed skipping gulp-sass@1.3.0 /home/naftali/test/ui
31 verbose already installed skipping gulp-size@1.2.0 /home/naftali/test/ui
32 verbose already installed skipping gulp-sourcemaps@1.3.0 /home/naftali/test/ui
33 verbose already installed skipping gulp-stubby-server@^0.1.3 /home/naftali/test/ui
34 verbose already installed skipping gulp-uglify@1.1.0 /home/naftali/test/ui
35 verbose already installed skipping gulp-useref@1.1.0 /home/naftali/test/ui
36 verbose already installed skipping gulp-util@3.0.2 /home/naftali/test/ui
37 verbose already installed skipping gulp-webpack@1.2.0 /home/naftali/test/ui
38 verbose already installed skipping http-proxy@1.8.0 /home/naftali/test/ui
39 verbose already installed skipping jshint-loader@0.8.3 /home/naftali/test/ui
40 verbose already installed skipping jshint-stylish@1.0.0 /home/naftali/test/ui
41 verbose already installed skipping karma@0.12.31 /home/naftali/test/ui
42 verbose already installed skipping karma-jasmine@0.3.1 /home/naftali/test/ui
43 verbose already installed skipping karma-ng-html2js-preprocessor@0.1.2 /home/naftali/test/ui
44 verbose already installed skipping karma-phantomjs-launcher@0.1.4 /home/naftali/test/ui
45 verbose already installed skipping lodash@3.2.0 /home/naftali/test/ui
46 verbose already installed skipping main-bower-files@2.5.0 /home/naftali/test/ui
47 verbose already installed skipping merge@1.2.0 /home/naftali/test/ui
48 verbose already installed skipping merge-stream@0.1.7 /home/naftali/test/ui
49 verbose already installed skipping protractor@^2.1.0 /home/naftali/test/ui
50 verbose already installed skipping require-dir@0.1.0 /home/naftali/test/ui
51 verbose already installed skipping uglify-save-license@0.4.1 /home/naftali/test/ui
52 verbose already installed skipping wiredep@2.2.0 /home/naftali/test/ui
53 verbose already installed skipping wrench@1.5.8 /home/naftali/test/ui
54 silly resolved []
55 info build /home/naftali/test/ui
56 verbose linkStuff [ false, false, false, '/home/naftali/test' ]
57 info linkStuff ui@0.0.0
58 verbose linkBins ui@0.0.0
59 verbose linkMans ui@0.0.0
60 verbose rebuildBundles ui@0.0.0
61 verbose rebuildBundles [ '.bin',
61 verbose rebuildBundles   'babel-core',
61 verbose rebuildBundles   'babel-loader',
61 verbose rebuildBundles   'browser-sync',
61 verbose rebuildBundles   'browser-sync-spa',
61 verbose rebuildBundles   'chalk',
61 verbose rebuildBundles   'concat-stream',
61 verbose rebuildBundles   'del',
61 verbose rebuildBundles   'gulp',
61 verbose rebuildBundles   'gulp-angular-templatecache',
61 verbose rebuildBundles   'gulp-autoprefixer',
61 verbose rebuildBundles   'gulp-csso',
61 verbose rebuildBundles   'gulp-filter',
61 verbose rebuildBundles   'gulp-flatten',
61 verbose rebuildBundles   'gulp-iconfont',
61 verbose rebuildBundles   'gulp-iconfont-css',
61 verbose rebuildBundles   'gulp-inject',
61 verbose rebuildBundles   'gulp-jshint',
61 verbose rebuildBundles   'gulp-load-plugins',
61 verbose rebuildBundles   'gulp-minify-html',
61 verbose rebuildBundles   'gulp-ng-annotate',
61 verbose rebuildBundles   'gulp-protractor',
61 verbose rebuildBundles   'gulp-rename',
61 verbose rebuildBundles   'gulp-replace',
61 verbose rebuildBundles   'gulp-rev',
61 verbose rebuildBundles   'gulp-rev-replace',
61 verbose rebuildBundles   'gulp-sass',
61 verbose rebuildBundles   'gulp-size',
61 verbose rebuildBundles   'gulp-sourcemaps',
61 verbose rebuildBundles   'gulp-stubby-server',
61 verbose rebuildBundles   'gulp-uglify',
61 verbose rebuildBundles   'gulp-useref',
61 verbose rebuildBundles   'gulp-util',
61 verbose rebuildBundles   'gulp-webpack',
61 verbose rebuildBundles   'http-proxy',
61 verbose rebuildBundles   'jasmine-core',
61 verbose rebuildBundles   'jshint',
61 verbose rebuildBundles   'jshint-loader',
61 verbose rebuildBundles   'jshint-stylish',
61 verbose rebuildBundles   'karma',
61 verbose rebuildBundles   'karma-jasmine',
61 verbose rebuildBundles   'karma-ng-html2js-preprocessor',
61 verbose rebuildBundles   'karma-phantomjs-launcher',
61 verbose rebuildBundles   'lodash',
61 verbose rebuildBundles   'main-bower-files',
61 verbose rebuildBundles   'merge',
61 verbose rebuildBundles   'merge-stream',
61 verbose rebuildBundles   'node-libs-browser',
61 verbose rebuildBundles   'protractor',
61 verbose rebuildBundles   'require-dir',
61 verbose rebuildBundles   'uglify-save-license',
61 verbose rebuildBundles   'webpack',
61 verbose rebuildBundles   'wiredep',
61 verbose rebuildBundles   'wrench' ]
62 verbose rebuild bundle /home/naftali/test/ui/node_modules/babel-core
63 info build /home/naftali/test/ui/node_modules/babel-core
64 info preinstall babel-core@4.7.16
65 verbose linkStuff [ false, false, false, '/home/naftali/test/ui/node_modules' ]
66 info linkStuff babel-core@4.7.16
67 verbose linkBins babel-core@4.7.16
68 verbose linkMans babel-core@4.7.16
69 verbose rebuildBundles babel-core@4.7.16
70 verbose rebuildBundles [ '.bin',
70 verbose rebuildBundles   'acorn-babel',
70 verbose rebuildBundles   'ast-types',
70 verbose rebuildBundles   'chalk',
70 verbose rebuildBundles   'commander',
70 verbose rebuildBundles   'convert-source-map',
70 verbose rebuildBundles   'core-js',
70 verbose rebuildBundles   'debug',
70 verbose rebuildBundles   'detect-indent',
70 verbose rebuildBundles   'estraverse',
70 verbose rebuildBundles   'esutils',
70 verbose rebuildBundles   'fs-readdir-recursive',
70 verbose rebuildBundles   'globals',
70 verbose rebuildBundles   'is-integer',
70 verbose rebuildBundles   'js-tokens',
70 verbose rebuildBundles   'leven',
70 verbose rebuildBundles   'line-numbers',
70 verbose rebuildBundles   'output-file-sync',
70 verbose rebuildBundles   'path-is-absolute',
70 verbose rebuildBundles   'private',
70 verbose rebuildBundles   'regenerator-babel',
70 verbose rebuildBundles   'regexpu',
70 verbose rebuildBundles   'repeating',
70 verbose rebuildBundles   'shebang-regex',
70 verbose rebuildBundles   'slash',
70 verbose rebuildBundles   'source-map',
70 verbose rebuildBundles   'source-map-support',
70 verbose rebuildBundles   'to-fast-properties',
70 verbose rebuildBundles   'trim-right' ]
71 info install babel-core@4.7.16
72 info postinstall babel-core@4.7.16
73 verbose rebuild bundle /home/naftali/test/ui/node_modules/gulp-iconfont
74 info build /home/naftali/test/ui/node_modules/gulp-iconfont
75 info preinstall gulp-iconfont@3.0.2
76 verbose linkStuff [ false, false, false, '/home/naftali/test/ui/node_modules' ]
77 info linkStuff gulp-iconfont@3.0.2
78 verbose linkBins gulp-iconfont@3.0.2
79 verbose linkMans gulp-iconfont@3.0.2
80 verbose rebuildBundles gulp-iconfont@3.0.2
81 verbose rebuildBundles [ 'gulp-clone',
81 verbose rebuildBundles   'gulp-cond',
81 verbose rebuildBundles   'gulp-rename',
81 verbose rebuildBundles   'gulp-spawn',
81 verbose rebuildBundles   'gulp-svg2ttf',
81 verbose rebuildBundles   'gulp-svgicons2svgfont',
81 verbose rebuildBundles   'gulp-ttf2eot',
81 verbose rebuildBundles   'gulp-ttf2woff',
81 verbose rebuildBundles   'gulp-ttf2woff2',
81 verbose rebuildBundles   'gulp-util',
81 verbose rebuildBundles   'plexer',
81 verbose rebuildBundles   'streamfilter' ]
82 info install gulp-iconfont@3.0.2
83 info postinstall gulp-iconfont@3.0.2
84 verbose rebuild bundle /home/naftali/test/ui/node_modules/gulp-iconfont-css
85 info build /home/naftali/test/ui/node_modules/gulp-iconfont-css
86 info preinstall gulp-iconfont-css@0.0.9
87 verbose linkStuff [ false, false, false, '/home/naftali/test/ui/node_modules' ]
88 info linkStuff gulp-iconfont-css@0.0.9
89 verbose linkBins gulp-iconfont-css@0.0.9
90 verbose linkMans gulp-iconfont-css@0.0.9
91 verbose rebuildBundles gulp-iconfont-css@0.0.9
92 verbose rebuildBundles [ 'consolidate', 'gulp-util', 'lodash' ]
93 info install gulp-iconfont-css@0.0.9
94 info postinstall gulp-iconfont-css@0.0.9
95 verbose rebuild bundle /home/naftali/test/ui/node_modules/jasmine-core
96 info build /home/naftali/test/ui/node_modules/jasmine-core
97 info preinstall jasmine-core@2.3.4
98 verbose linkStuff [ false, false, false, '/home/naftali/test/ui/node_modules' ]
99 info linkStuff jasmine-core@2.3.4
100 verbose linkBins jasmine-core@2.3.4
101 verbose linkMans jasmine-core@2.3.4
102 verbose rebuildBundles jasmine-core@2.3.4
103 info install jasmine-core@2.3.4
104 info postinstall jasmine-core@2.3.4
105 verbose rebuild bundle /home/naftali/test/ui/node_modules/jshint
106 info build /home/naftali/test/ui/node_modules/jshint
107 info preinstall jshint@2.8.0
108 verbose linkStuff [ false, false, false, '/home/naftali/test/ui/node_modules' ]
109 info linkStuff jshint@2.8.0
110 warn prefer global jshint@2.8.0 should be installed with -g
111 verbose linkBins jshint@2.8.0
112 verbose link bins [ { jshint: './bin/jshint' },
112 verbose link bins   '/home/naftali/test/ui/node_modules/.bin',
112 verbose link bins   false ]
113 verbose linkMans jshint@2.8.0
114 verbose rebuildBundles jshint@2.8.0
115 verbose rebuildBundles [ '.bin',
115 verbose rebuildBundles   'cli',
115 verbose rebuildBundles   'console-browserify',
115 verbose rebuildBundles   'exit',
115 verbose rebuildBundles   'htmlparser2',
115 verbose rebuildBundles   'lodash',
115 verbose rebuildBundles   'minimatch',
115 verbose rebuildBundles   'shelljs',
115 verbose rebuildBundles   'strip-json-comments' ]
116 error Error: EACCES, unlink '/home/naftali/test/ui/node_modules/.bin/jshint'
116 error  { [Error: EACCES, unlink '/home/naftali/test/ui/node_modules/.bin/jshint']
116 error   errno: 3,
116 error   code: 'EACCES',
116 error   path: '/home/naftali/test/ui/node_modules/.bin/jshint' }
117 error Please try running this command again as root/Administrator.
118 error System Linux 3.16.0-37-generic
119 error command "/usr/bin/nodejs" "/usr/bin/npm" "install"
120 error cwd /home/naftali/test/ui
121 error node -v v0.10.25
122 error npm -v 1.4.21
123 error path /home/naftali/test/ui/node_modules/.bin/jshint
124 error code EACCES
125 error errno 3
126 error stack Error: EACCES, unlink '/home/naftali/test/ui/node_modules/.bin/jshint'
127 verbose exit [ 3, true ]
